v2ex/proguard/seeds.txt
com.sparkrico.v2ex.App
com.sparkrico.v2ex.App: App()
com.sparkrico.v2ex.MainActivity
com.sparkrico.v2ex.MainActivity: MainActivity()
com.sparkrico.v2ex.MemberFragment
com.sparkrico.v2ex.MemberFragment: MemberFragment()
com.sparkrico.v2ex.NodeMenuFragment$OrderType: com.sparkrico.v2ex.NodeMenuFragment$OrderType[] values()
com.sparkrico.v2ex.NodeMenuFragment$OrderType: com.sparkrico.v2ex.NodeMenuFragment$OrderType valueOf(java.lang.String)
com.sparkrico.v2ex.R$anim: int enter
com.sparkrico.v2ex.R$anim: int enter_land
com.sparkrico.v2ex.R$anim: int exit
com.sparkrico.v2ex.R$anim: int exit_land
com.sparkrico.v2ex.R$anim: int slide_in_from_bottom
com.sparkrico.v2ex.R$anim: int slide_in_from_top
com.sparkrico.v2ex.R$anim: int slide_out_to_bottom
com.sparkrico.v2ex.R$anim: int slide_out_to_top
com.sparkrico.v2ex.R$array: int node_nav_cat
com.sparkrico.v2ex.R$array: int node_nav_name
com.sparkrico.v2ex.R$array: int node_nav_title
com.sparkrico.v2ex.R$attr: int behindOffset
com.sparkrico.v2ex.R$attr: int behindScrollScale
com.sparkrico.v2ex.R$attr: int behindWidth
com.sparkrico.v2ex.R$attr: int fadeDegree
com.sparkrico.v2ex.R$attr: int fadeEnabled
com.sparkrico.v2ex.R$attr: int mode
com.sparkrico.v2ex.R$attr: int ptrAdapterViewBackground
com.sparkrico.v2ex.R$attr: int ptrAnimationStyle
com.sparkrico.v2ex.R$attr: int ptrDrawable
com.sparkrico.v2ex.R$attr: int ptrDrawableBottom
com.sparkrico.v2ex.R$attr: int ptrDrawableEnd
com.sparkrico.v2ex.R$attr: int ptrDrawableStart
com.sparkrico.v2ex.R$attr: int ptrDrawableTop
com.sparkrico.v2ex.R$attr: int ptrHeaderBackground
com.sparkrico.v2ex.R$attr: int ptrHeaderSubTextColor
com.sparkrico.v2ex.R$attr: int ptrHeaderTextAppearance
com.sparkrico.v2ex.R$attr: int ptrHeaderTextColor
com.sparkrico.v2ex.R$attr: int ptrListViewExtrasEnabled
com.sparkrico.v2ex.R$attr: int ptrMode
com.sparkrico.v2ex.R$attr: int ptrOverScroll
com.sparkrico.v2ex.R$attr: int ptrRefreshableViewBackground
com.sparkrico.v2ex.R$attr: int ptrRotateDrawableWhilePulling
com.sparkrico.v2ex.R$attr: int ptrScrollingWhileRefreshingEnabled
com.sparkrico.v2ex.R$attr: int ptrShowIndicator
com.sparkrico.v2ex.R$attr: int ptrSubHeaderTextAppearance
com.sparkrico.v2ex.R$attr: int selectorDrawable
com.sparkrico.v2ex.R$attr: int selectorEnabled
com.sparkrico.v2ex.R$attr: int shadowDrawable
com.sparkrico.v2ex.R$attr: int shadowWidth
com.sparkrico.v2ex.R$attr: int touchModeAbove
com.sparkrico.v2ex.R$color: int holo_blue_bright
com.sparkrico.v2ex.R$color: int replies
com.sparkrico.v2ex.R$color: int text_color
com.sparkrico.v2ex.R$color: int text_color_bg
com.sparkrico.v2ex.R$color: int text_color_bg_night
com.sparkrico.v2ex.R$color: int text_color_night
com.sparkrico.v2ex.R$color: int topic_replies_divider
com.sparkrico.v2ex.R$dimen: int first_size
com.sparkrico.v2ex.R$dimen: int header_footer_left_right_padding
com.sparkrico.v2ex.R$dimen: int header_footer_top_bottom_padding
com.sparkrico.v2ex.R$dimen: int indicator_corner_radius
com.sparkrico.v2ex.R$dimen: int indicator_internal_padding
com.sparkrico.v2ex.R$dimen: int indicator_right_padding
com.sparkrico.v2ex.R$dimen: int listPreferredItemHeightSmall
com.sparkrico.v2ex.R$dimen: int listPreferredItemPaddingEnd
com.sparkrico.v2ex.R$dimen: int listPreferredItemPaddingStart
com.sparkrico.v2ex.R$dimen: int list_padding
com.sparkrico.v2ex.R$dimen: int list_text_size
com.sparkrico.v2ex.R$dimen: int menu_header_line
com.sparkrico.v2ex.R$dimen: int menu_header_padding_top
com.sparkrico.v2ex.R$dimen: int menu_icon_side
com.sparkrico.v2ex.R$dimen: int menu_item_padding
com.sparkrico.v2ex.R$dimen: int node_select_size
com.sparkrico.v2ex.R$dimen: int progress_height
com.sparkrico.v2ex.R$dimen: int second_size
com.sparkrico.v2ex.R$dimen: int shadow_width
com.sparkrico.v2ex.R$dimen: int slidingmenu_offset
com.sparkrico.v2ex.R$dimen: int text_size_medium
...
com.loopj.android.http.AsyncHttpRequest
com.loopj.android.http.AsyncHttpRequest: org.apache.http.impl.client.AbstractHttpClient client
com.loopj.android.http.AsyncHttpRequest: org.apache.http.protocol.HttpContext context
com.loopj.android.http.AsyncHttpRequest: org.apache.http.client.methods.HttpUriRequest request
com.loopj.android.http.AsyncHttpRequest: com.loopj.android.http.AsyncHttpResponseHandler responseHandler
com.loopj.android.http.AsyncHttpRequest: boolean isBinaryRequest
com.loopj.android.http.AsyncHttpRequest: int executionCount
com.loopj.android.http.AsyncHttpRequest: AsyncHttpRequest(org.apache.http.impl.client.AbstractHttpClient,org.apache.http.protocol.HttpContext,org.apache.http.client.methods.HttpUriRequest,com.loopj.android.http.AsyncHttpResponseHandler)
com.loopj.android.http.AsyncHttpRequest: void run()
com.loopj.android.http.AsyncHttpRequest: void makeRequest()
com.loopj.android.http.AsyncHttpRequest: void makeRequestWithRetries()
com.loopj.android.http.AsyncHttpResponseHandler
com.loopj.android.http.AsyncHttpResponseHandler: int SUCCESS_MESSAGE
com.loopj.android.http.AsyncHttpResponseHandler: int FAILURE_MESSAGE
com.loopj.android.http.AsyncHttpResponseHandler: int START_MESSAGE
com.loopj.android.http.AsyncHttpResponseHandler: int FINISH_MESSAGE
com.loopj.android.http.AsyncHttpResponseHandler: android.os.Handler handler
com.loopj.android.http.AsyncHttpResponseHandler: AsyncHttpResponseHandler()
com.loopj.android.http.AsyncHttpResponseHandler: void onStart()
com.loopj.android.http.AsyncHttpResponseHandler: void onFinish()
com.loopj.android.http.AsyncHttpResponseHandler: void onSuccess(java.lang.String)
com.loopj.android.http.AsyncHttpResponseHandler: void onSuccess(int,java.lang.String)
com.loopj.android.http.AsyncHttpResponseHandler: void onFailure(java.lang.Throwable)
com.loopj.android.http.AsyncHttpResponseHandler: void onFailure(java.lang.Throwable,java.lang.String)
com.loopj.android.http.AsyncHttpResponseHandler: void sendSuccessMessage(int,java.lang.String)
com.loopj.android.http.AsyncHttpResponseHandler: void sendFailureMessage(java.lang.Throwable,java.lang.String)
com.loopj.android.http.AsyncHttpResponseHandler: void sendFailureMessage(java.lang.Throwable,byte[])
com.loopj.android.http.AsyncHttpResponseHandler: void sendStartMessage()
com.loopj.android.http.AsyncHttpResponseHandler: void sendFinishMessage()
com.loopj.android.http.AsyncHttpResponseHandler$1
com.loopj.android.http.AsyncHttpResponseHandler$1: com.loopj.android.http.AsyncHttpResponseHandler this$0
com.loopj.android.http.AsyncHttpResponseHandler$1: AsyncHttpResponseHandler$1(com.loopj.android.http.AsyncHttpResponseHandler)
com.loopj.android.http.AsyncHttpResponseHandler$1: void handleMessage(android.os.Message)
com.loopj.android.http.BinaryHttpResponseHandler
com.loopj.android.http.BinaryHttpResponseHandler: java.lang.String[] mAllowedContentTypes
com.loopj.android.http.BinaryHttpResponseHandler: void <clinit>()
com.loopj.android.http.BinaryHttpResponseHandler: BinaryHttpResponseHandler()
com.loopj.android.http.BinaryHttpResponseHandler: BinaryHttpResponseHandler(java.lang.String[])
com.loopj.android.http.BinaryHttpResponseHandler: void onSuccess(byte[])
com.loopj.android.http.BinaryHttpResponseHandler: void onSuccess(int,byte[])
com.loopj.android.http.BinaryHttpResponseHandler: void onFailure(java.lang.Throwable,byte[])
com.loopj.android.http.BinaryHttpResponseHandler: void sendSuccessMessage(int,byte[])
com.loopj.android.http.BinaryHttpResponseHandler: void sendFailureMessage(java.lang.Throwable,byte[])
com.loopj.android.http.BinaryHttpResponseHandler: void handleSuccessMessage(int,byte[])
com.loopj.android.http.BinaryHttpResponseHandler: void handleFailureMessage(java.lang.Throwable,byte[])
com.loopj.android.http.BinaryHttpResponseHandler: void handleMessage(android.os.Message)
com.loopj.android.http.BinaryHttpResponseHandler: void sendResponseMessage(org.apache.http.HttpResponse)