v2ex/proguard/mapping.txt
com.sparkrico.v2ex.App -> com.sparkrico.v2ex.App:
    com.loopj.android.http.AsyncHttpClient asyncHttpClient -> a
    com.loopj.android.http.AsyncHttpClient getAsyncHttpClient() -> a
com.sparkrico.v2ex.MainActivity -> com.sparkrico.v2ex.MainActivity:
    android.support.v4.app.Fragment mContent -> e
    android.app.Dialog dialog -> a
    android.widget.GridView gridView -> b
    com.sparkrico.v2ex.MainActivity$NodeAdapter nodeAdapter -> c
    int[] color -> d
    void onCreate(android.os.Bundle) -> onCreate
    boolean onKeyDown(int,android.view.KeyEvent) -> onKeyDown
    void onResume() -> onResume
    void onPause() -> onPause
    boolean onCreateOptionsMenu(android.view.Menu) -> onCreateOptionsMenu
    boolean onPrepareOptionsMenu(android.view.Menu) -> onPrepareOptionsMenu
    boolean GooglePlayInstalled() -> a
    boolean onOptionsItemSelected(android.view.MenuItem) -> onOptionsItemSelected
    void switchContent(android.support.v4.app.Fragment) -> a
    void onConfigurationChanged(android.content.res.Configuration) -> onConfigurationChanged
    void showNav() -> b
    android.support.v4.app.Fragment access$0(com.sparkrico.v2ex.MainActivity) -> a
com.sparkrico.v2ex.MainActivity$1 -> com.sparkrico.v2ex.a:
    com.sparkrico.v2ex.MainActivity this$0 -> a
    void onClick(android.content.DialogInterface,int) -> onClick
com.sparkrico.v2ex.MainActivity$2 -> com.sparkrico.v2ex.b:
    com.sparkrico.v2ex.MainActivity this$0 -> a
    void run() -> run
com.sparkrico.v2ex.MainActivity$3 -> com.sparkrico.v2ex.c:
    com.sparkrico.v2ex.MainActivity this$0 -> a
    void onClick(android.view.View) -> onClick
com.sparkrico.v2ex.MainActivity$4 -> com.sparkrico.v2ex.d:
    com.sparkrico.v2ex.MainActivity this$0 -> a
    void onClick(android.view.View) -> onClick
com.sparkrico.v2ex.MainActivity$5 -> com.sparkrico.v2ex.e:
    com.sparkrico.v2ex.MainActivity this$0 -> a
    void onItemClick(android.widget.AdapterView,android.view.View,int,long) -> onItemClick
com.sparkrico.v2ex.MainActivity$NodeAdapter -> com.sparkrico.v2ex.f:
    android.view.LayoutInflater mLayoutInflater -> d
    java.lang.String[] nav_titles -> a
    java.lang.String[] nav_names -> b
    com.sparkrico.v2ex.MainActivity this$0 -> c
    int getCount() -> getCount
    java.lang.Object getItem(int) -> getItem
    long getItemId(int) -> getItemId
    int getViewTypeCount() -> getViewTypeCount
    int getItemViewType(int) -> getItemViewType
    android.view.View getView(int,android.view.View,android.view.ViewGroup) -> getView
com.sparkrico.v2ex.MainActivity$NodeAdapter$HolderView -> com.sparkrico.v2ex.g:
    android.widget.TextView tv -> a
    com.sparkrico.v2ex.MainActivity$NodeAdapter this$1 -> b
com.sparkrico.v2ex.MemberFragment -> com.sparkrico.v2ex.MemberFragment:
    java.lang.String username -> a
    com.loopj.android.image.SmartImageView ivFace -> b
    android.widget.TextView tvId -> c
    android.widget.TextView tvUser -> d
    android.widget.TextView tvCreated -> e
    android.widget.TextView tvTitle -> f
    android.widget.TextView tvBio -> g
    android.view.View viewLayout -> h
    android.widget.ListView listView -> i
    java.util.List data -> j
    android.widget.ProgressBar loading -> k
    android.widget.SimpleAdapter simpleAdapter -> l
    float density -> m
    int[] color -> n
    void onCreate(android.os.Bundle) -> onCreate
    void onResume() -> onResume
    void onPause() -> onPause
    void onStop() -> onStop
    boolean onOptionsItemSelected(android.view.MenuItem) -> onOptionsItemSelected
    void setupViews() -> a
    void initTop(com.sparkrico.v2ex.model.Member) -> a
    void setupListView() -> b
    void loadMember(java.lang.String) -> a
    void loadTopics(java.lang.String) -> b
    void onItemClick(android.widget.AdapterView,android.view.View,int,long) -> onItemClick
    void access$0(com.sparkrico.v2ex.MemberFragment,com.sparkrico.v2ex.model.Member) -> a
...
com.umeng.common.net.g -> com.umeng.common.net.g:
    java.lang.String a -> a
    com.umeng.common.net.DownloadingService b -> b
    void run() -> run
com.umeng.common.net.h -> com.umeng.common.net.h:
    com.umeng.common.net.DownloadingService a -> a
    void run() -> run
com.umeng.common.net.i -> com.umeng.common.net.i:
    java.lang.String[] a -> a
    boolean b -> b
    java.util.Map c -> c
    void run() -> run
com.umeng.common.net.j -> com.umeng.common.net.j:
    com.umeng.common.net.DownloadingService$b a -> a
    void run() -> run
com.umeng.common.net.k -> com.umeng.common.net.k:
    void a() -> a
    void a(int) -> a
    void a(int,int,java.lang.String) -> a
com.umeng.common.net.l -> com.umeng.common.net.l:
    java.lang.String a -> a
    java.lang.String b -> b
    java.lang.String c -> c
    java.lang.String d -> d
    java.lang.String e -> e
    java.lang.String a(int,java.lang.String) -> a
    int a(com.umeng.common.net.a$a) -> a
    android.app.PendingIntent a(android.content.Context,java.lang.String) -> a
    android.app.PendingIntent b(android.content.Context,java.lang.String) -> b
com.umeng.common.net.m -> com.umeng.common.net.m:
    java.lang.String a -> a
    com.umeng.common.net.o$a a(com.umeng.common.net.n) -> a
    void a(com.umeng.common.net.n,com.umeng.common.net.m$a) -> a
com.umeng.common.net.m$a -> com.umeng.common.net.m$a:
    void a() -> a
    void a(com.umeng.common.net.o$a) -> a
com.umeng.common.net.m$b -> com.umeng.common.net.m$b:
    com.umeng.common.net.n b -> b
    com.umeng.common.net.m$a c -> c
    com.umeng.common.net.m a -> a
    void onPreExecute() -> onPreExecute
    void a(com.umeng.common.net.o$a) -> a
    com.umeng.common.net.o$a a(java.lang.Integer[]) -> a
    void onPostExecute(java.lang.Object) -> onPostExecute
    java.lang.Object doInBackground(java.lang.Object[]) -> doInBackground
com.umeng.common.net.n -> com.umeng.common.net.n:
com.umeng.common.net.o -> com.umeng.common.net.o:
    com.umeng.common.net.o$a a -> a
com.umeng.common.net.o$a -> com.umeng.common.net.o$a:
    com.umeng.common.net.o$a a -> a
    com.umeng.common.net.o$a b -> b
    com.umeng.common.net.o$a[] c -> c
    com.umeng.common.net.o$a[] values() -> values
    com.umeng.common.net.o$a valueOf(java.lang.String) -> valueOf
com.umeng.common.net.p -> com.umeng.common.net.p:
    java.lang.String b -> b
    boolean a -> a
    long c -> c
    long d -> d
    java.util.Map e -> e
    java.lang.Thread f -> f
    java.lang.String b(java.lang.String) -> b
    java.lang.String a(android.content.Context,java.lang.String) -> a
    long b(java.io.File) -> b
    void c(java.io.File) -> c
    java.io.File b(android.content.Context,java.lang.String) -> b
    void a(android.content.Context,android.widget.ImageView,java.lang.String,boolean) -> a
    void a(android.content.Context,android.widget.ImageView,java.lang.String,boolean,com.umeng.common.net.p$a) -> a
    void a(android.content.Context,android.widget.ImageView,java.lang.String,boolean,com.umeng.common.net.p$a,android.view.animation.Animation) -> a
    void a(android.content.Context,android.widget.ImageView,java.lang.String,boolean,com.umeng.common.net.p$a,android.view.animation.Animation,boolean) -> a
    boolean a(android.widget.ImageView,java.lang.String) -> a
    void b(android.content.Context,android.widget.ImageView,android.graphics.drawable.Drawable,boolean,com.umeng.common.net.p$a,android.view.animation.Animation,boolean,java.lang.String) -> b
    android.graphics.drawable.Drawable c(java.lang.String) -> c
    android.graphics.Bitmap a(android.graphics.Bitmap) -> a
    void a(java.io.File) -> a
    java.lang.Thread a(java.lang.Thread) -> a
com.umeng.common.net.p$a -> com.umeng.common.net.p$a:
    void a(com.umeng.common.net.p$b) -> a
    void a(com.umeng.common.net.o$a) -> a