v2ex/proguard/usage.txt
com.sparkrico.v2ex.BuildConfig
com.sparkrico.v2ex.NodeMenuFragment:
    android.widget.EditText etSearch
com.sparkrico.v2ex.PullToRefreshListFragment:
    static final int INTERNAL_EMPTY_ID
com.sparkrico.v2ex.R
com.sparkrico.v2ex.R$anim
com.sparkrico.v2ex.R$array
com.sparkrico.v2ex.R$attr
com.sparkrico.v2ex.R$color
com.sparkrico.v2ex.R$dimen
com.sparkrico.v2ex.R$drawable
com.sparkrico.v2ex.R$id
com.sparkrico.v2ex.R$integer
com.sparkrico.v2ex.R$layout
com.sparkrico.v2ex.R$menu
com.sparkrico.v2ex.R$string
com.sparkrico.v2ex.R$style
com.sparkrico.v2ex.R$styleable
com.sparkrico.v2ex.provider.Recent:
    public static final java.lang.String AUTHORITY
    10:11:public Recent()
com.sparkrico.v2ex.provider.Recent$Recents:
    public static final java.lang.String TABLE_NAME
    private static final java.lang.String SCHEME
    private static final java.lang.String PATH_RECENTS
    private static final java.lang.String PATH_RECENT_ID
    public static final int RECENT_ID_PATH_POSITION
    public static final int RECENT_FILER_PATH_POSITION
    public static final java.lang.String CONTENT_TYPE
    public static final java.lang.String CONTENT_ITEM_TYPE
    public static final java.lang.String DEFAULT_SORT_ORDER
    public static final java.lang.String COLUMN_NAME_TITLE
    public static final java.lang.String COLUMN_NAME_TOPIC_ID
    public static final java.lang.String COLUMN_NAME_FACE_URL
    public static final java.lang.String COLUMN_NAME_NODE
    public static final java.lang.String COLUMN_NAME_USER
    public static final java.lang.String COLUMN_NAME_TOPIC_CREATED
    public static final java.lang.String COLUMN_NAME_CONTENT_RENDERED
    public static final java.lang.String COLUMN_NAME_CREATE_DATE
    public static final java.lang.String COLUMN_NAME_MODIFICATION_DATE
    15:16:private Recent$Recents()
com.sparkrico.v2ex.provider.RecentContentProvider:
    private static final java.lang.String TAG
    private static final java.lang.String DATABASE_NAME
    private static final int DATABASE_VERSION
    private static final int RECENTS
    private static final int RECENT_ID
    private static final int RECENT_FILTER
    430:430:com.sparkrico.v2ex.provider.RecentContentProvider$DatabaseHelper getOpenHelperForTest()
com.sparkrico.v2ex.provider.RecentController:
    42:44:public static void deleteRecent(android.content.Context,long)
com.sparkrico.v2ex.util.AdapterUtil
com.sparkrico.v2ex.util.ApiUtil
com.sparkrico.v2ex.util.ComparableNodeName:
    private static final java.lang.String KEY
com.sparkrico.v2ex.util.ComparableNodeTopicCount:
    private static final java.lang.String KEY
com.sparkrico.v2ex.util.CrashHandler
com.sparkrico.v2ex.util.CrashHandler$1
com.sparkrico.v2ex.util.DateUtil:
    9:9:public DateUtil()
com.sparkrico.v2ex.util.FileUtil:
    private static final java.lang.String NODE_CACHE
    13:13:public FileUtil()
com.sparkrico.v2ex.util.HelpUtil:
    27:27:public HelpUtil()
com.sparkrico.v2ex.util.HelpUtil$AboutDialog:
    private static final java.lang.String VERSION_UNAVAILABLE
com.sparkrico.v2ex.util.HtmlUtil:
    private static final java.lang.String domain
    15:15:public HtmlUtil()
com.sparkrico.v2ex.util.ScreenUtil:
    9:9:public ScreenUtil()
com.sparkrico.v2ex.util.SharedPreferencesUtils:
    private static final java.lang.String NAME
    private static final java.lang.String NODE_CACHE_DATETIME
    private static final java.lang.String TOPICS_LAST_UPDATE_DATETIME
    private static final java.lang.String THEME_TYPE
    private static final java.lang.String NODE_LIST_TYPE_KEY
    public static final java.lang.String HAS_SHOW_APPOPS_KEY
    16:16:public SharedPreferencesUtils()
com.sparkrico.v2ex.util.ThemeUtil:
    public static final int THEME_TYPE_CLASSIC
    public static final int THEME_TYPE_NIGHT
    7:7:public ThemeUtil()
com.sparkrico.v2ex.util.VersionUtils:
    5:5:public VersionUtils()
com.sparkrico.v2ex.view.CustomSimpleAdapter
...
android.support.v4.net.TrafficStatsCompat$IcsTrafficStatsCompatImpl
android.support.v4.net.TrafficStatsCompat$TrafficStatsCompatImpl
android.support.v4.net.TrafficStatsCompatIcs
android.support.v4.os.ParcelableCompat:
    26:42:public ParcelableCompat()
android.support.v4.os.ParcelableCompatCreatorHoneycombMR2Stub:
    22:22:ParcelableCompatCreatorHoneycombMR2Stub()
android.support.v4.text.BidiFormatter
android.support.v4.text.BidiFormatter$1
android.support.v4.text.BidiFormatter$Builder
android.support.v4.text.BidiFormatter$DirectionalityEstimator
android.support.v4.text.ICUCompat
android.support.v4.text.ICUCompat$ICUCompatImpl
android.support.v4.text.ICUCompat$ICUCompatImplBase
android.support.v4.text.ICUCompat$ICUCompatImplIcs
android.support.v4.text.ICUCompatIcs
android.support.v4.text.TextDirectionHeuristicCompat
android.support.v4.text.TextDirectionHeuristicsCompat
android.support.v4.text.TextDirectionHeuristicsCompat$1
android.support.v4.text.TextDirectionHeuristicsCompat$AnyStrong
android.support.v4.text.TextDirectionHeuristicsCompat$FirstStrong
android.support.v4.text.TextDirectionHeuristicsCompat$TextDirectionAlgorithm
android.support.v4.text.TextDirectionHeuristicsCompat$TextDirectionHeuristicImpl
android.support.v4.text.TextDirectionHeuristicsCompat$TextDirectionHeuristicInternal
android.support.v4.text.TextDirectionHeuristicsCompat$TextDirectionHeuristicLocale
android.support.v4.text.TextUtilsCompat
android.support.v4.util.AtomicFile
android.support.v4.util.DebugUtils:
    25:25:public DebugUtils()
android.support.v4.util.LongSparseArray
android.support.v4.util.LruCache
android.support.v4.util.SparseArrayCompat:
    94:98:public void removeAt(int)
    107:111:public void removeAtRange(int,int)
    236:241:public void setValueAt(int,java.lang.Object)
    249:253:public int indexOfKey(int)
    265:273:public int indexOfValue(java.lang.Object)
    296:323:public void append(int,java.lang.Object)
android.support.v4.util.TimeUtils:
    public static final int HUNDRED_DAY_FIELD_LEN
    private static final int SECONDS_PER_MINUTE
    private static final int SECONDS_PER_HOUR
    private static final int SECONDS_PER_DAY
    27:27:public TimeUtils()
    148:152:public static void formatDuration(long,java.lang.StringBuilder)
android.support.v4.view.AccessibilityDelegateCompat
android.support.v4.view.AccessibilityDelegateCompat$AccessibilityDelegateIcsImpl
android.support.v4.view.AccessibilityDelegateCompat$AccessibilityDelegateIcsImpl$1
android.support.v4.view.AccessibilityDelegateCompat$AccessibilityDelegateImpl
android.support.v4.view.AccessibilityDelegateCompat$AccessibilityDelegateJellyBeanImpl
android.support.v4.view.AccessibilityDelegateCompat$AccessibilityDelegateJellyBeanImpl$1
android.support.v4.view.AccessibilityDelegateCompat$AccessibilityDelegateStubImpl
android.support.v4.view.AccessibilityDelegateCompatIcs
android.support.v4.view.AccessibilityDelegateCompatIcs$1
android.support.v4.view.AccessibilityDelegateCompatIcs$AccessibilityDelegateBridge
android.support.v4.view.AccessibilityDelegateCompatJellyBean
android.support.v4.view.AccessibilityDelegateCompatJellyBean$1
android.support.v4.view.AccessibilityDelegateCompatJellyBean$AccessibilityDelegateBridgeJellyBean
android.support.v4.view.ActionProvider
android.support.v4.view.ActionProvider$SubUiVisibilityListener
android.support.v4.view.ActionProvider$VisibilityListener
android.support.v4.view.GestureDetectorCompat
android.support.v4.view.GestureDetectorCompat$GestureDetectorCompatImpl
android.support.v4.view.GestureDetectorCompat$GestureDetectorCompatImplBase
android.support.v4.view.GestureDetectorCompat$GestureDetectorCompatImplBase$GestureHandler
android.support.v4.view.GestureDetectorCompat$GestureDetectorCompatImplJellybeanMr2